<?xml version="1.0" encoding="UTF-8"?>
<testsuite name="com.example.restservice.RestServiceApplicationTests" tests="1" skipped="0" failures="0" errors="0" timestamp="2022-10-06T18:58:42" hostname="javier-katanagf6611uc" time="0.419">
  <properties/>
  <testcase name="contextLoads()" classname="com.example.restservice.RestServiceApplicationTests" time="0.419"/>
  <system-out><![CDATA[20:58:40.747 [Test worker] DEBUG org.springframework.test.context.BootstrapUtils - Instantiating CacheAwareContextLoaderDelegate from class [org.springframework.test.context.cache.DefaultCacheAwareContextLoaderDelegate]
20:58:40.759 [Test worker] DEBUG org.springframework.test.context.BootstrapUtils - Instantiating BootstrapContext using constructor [public org.springframework.test.context.support.DefaultBootstrapContext(java.lang.Class,org.springframework.test.context.CacheAwareContextLoaderDelegate)]
20:58:40.799 [Test worker] DEBUG org.springframework.test.context.BootstrapUtils - Instantiating TestContextBootstrapper for test class [com.example.restservice.RestServiceApplicationTests] from class [org.springframework.boot.test.context.SpringBootTestContextBootstrapper]
20:58:40.810 [Test worker] INFO org.springframework.boot.test.context.SpringBootTestContextBootstrapper - Neither @ContextConfiguration nor @ContextHierarchy found for test class [com.example.restservice.RestServiceApplicationTests], using SpringBootContextLoader
20:58:40.814 [Test worker] DEBUG org.springframework.test.context.support.AbstractContextLoader - Did not detect default resource location for test class [com.example.restservice.RestServiceApplicationTests]: class path resource [com/example/restservice/RestServiceApplicationTests-context.xml] does not exist
20:58:40.814 [Test worker] DEBUG org.springframework.test.context.support.AbstractContextLoader - Did not detect default resource location for test class [com.example.restservice.RestServiceApplicationTests]: class path resource [com/example/restservice/RestServiceApplicationTestsContext.groovy] does not exist
20:58:40.814 [Test worker] INFO org.springframework.test.context.support.AbstractContextLoader - Could not detect default resource locations for test class [com.example.restservice.RestServiceApplicationTests]: no resource found for suffixes {-context.xml, Context.groovy}.
20:58:40.815 [Test worker] INFO org.springframework.test.context.support.AnnotationConfigContextLoaderUtils - Could not detect default configuration classes for test class [com.example.restservice.RestServiceApplicationTests]: RestServiceApplicationTests does not declare any static, non-private, non-final, nested classes annotated with @Configuration.
20:58:40.857 [Test worker] DEBUG org.springframework.test.context.support.ActiveProfilesUtils - Could not find an 'annotation declaring class' for annotation type [org.springframework.test.context.ActiveProfiles] and class [com.example.restservice.RestServiceApplicationTests]
20:58:40.927 [Test worker] DEBUG org.springframework.context.annotation.ClassPathScanningCandidateComponentProvider - Identified candidate component class: file [/home/javier/jardineria/curso2223/dat250/dat250Workspace/gs-rest-service/initial/build/classes/java/main/com/example/restservice/RestServiceApplication.class]
20:58:40.928 [Test worker] INFO org.springframework.boot.test.context.SpringBootTestContextBootstrapper - Found @SpringBootConfiguration com.example.restservice.RestServiceApplication for test class com.example.restservice.RestServiceApplicationTests
20:58:41.024 [Test worker] DEBUG org.springframework.boot.test.context.SpringBootTestContextBootstrapper - @TestExecutionListeners is not present for class [com.example.restservice.RestServiceApplicationTests]: using defaults.
20:58:41.024 [Test worker] INFO org.springframework.boot.test.context.SpringBootTestContextBootstrapper - Loaded default TestExecutionListener class names from location [META-INF/spring.factories]: [org.springframework.boot.test.autoconfigure.restdocs.RestDocsTestExecutionListener, org.springframework.boot.test.autoconfigure.web.client.MockRestServiceServerResetTestExecutionListener, org.springframework.boot.test.autoconfigure.web.servlet.MockMvcPrintOnlyOnFailureTestExecutionListener, org.springframework.boot.test.autoconfigure.web.servlet.WebDriverTestExecutionListener, org.springframework.boot.test.autoconfigure.webservices.client.MockWebServiceServerTestExecutionListener, org.springframework.boot.test.mock.mockito.MockitoTestExecutionListener, org.springframework.boot.test.mock.mockito.ResetMocksTestExecutionListener, org.springframework.test.context.web.ServletTestExecutionListener, org.springframework.test.context.support.DirtiesContextBeforeModesTestExecutionListener, org.springframework.test.context.event.ApplicationEventsTestExecutionListener, org.springframework.test.context.support.DependencyInjectionTestExecutionListener, org.springframework.test.context.support.DirtiesContextTestExecutionListener, org.springframework.test.context.transaction.TransactionalTestExecutionListener, org.springframework.test.context.jdbc.SqlScriptsTestExecutionListener, org.springframework.test.context.event.EventPublishingTestExecutionListener]
20:58:41.034 [Test worker] DEBUG org.springframework.boot.test.context.SpringBootTestContextBootstrapper - Skipping candidate TestExecutionListener [org.springframework.test.context.transaction.TransactionalTestExecutionListener] due to a missing dependency. Specify custom listener classes or make the default listener classes and their required dependencies available. Offending class: [org/springframework/transaction/TransactionDefinition]
20:58:41.035 [Test worker] DEBUG org.springframework.boot.test.context.SpringBootTestContextBootstrapper - Skipping candidate TestExecutionListener [org.springframework.test.context.jdbc.SqlScriptsTestExecutionListener] due to a missing dependency. Specify custom listener classes or make the default listener classes and their required dependencies available. Offending class: [org/springframework/transaction/interceptor/TransactionAttribute]
20:58:41.035 [Test worker] INFO org.springframework.boot.test.context.SpringBootTestContextBootstrapper - Using TestExecutionListeners: [org.springframework.test.context.web.ServletTestExecutionListener@672f11c2, org.springframework.test.context.support.DirtiesContextBeforeModesTestExecutionListener@2970a5bc, org.springframework.test.context.event.ApplicationEventsTestExecutionListener@50305a, org.springframework.boot.test.mock.mockito.MockitoTestExecutionListener@72efb5c1, org.springframework.boot.test.autoconfigure.SpringBootDependencyInjectionTestExecutionListener@6d511b5f, org.springframework.test.context.support.DirtiesContextTestExecutionListener@41200e0c, org.springframework.test.context.event.EventPublishingTestExecutionListener@40f33492, org.springframework.boot.test.autoconfigure.restdocs.RestDocsTestExecutionListener@4fbdc0f0, org.springframework.boot.test.autoconfigure.web.client.MockRestServiceServerResetTestExecutionListener@2ad3a1bb, org.springframework.boot.test.autoconfigure.web.servlet.MockMvcPrintOnlyOnFailureTestExecutionListener@6bc28a83, org.springframework.boot.test.autoconfigure.web.servlet.WebDriverTestExecutionListener@324c64cd, org.springframework.boot.test.autoconfigure.webservices.client.MockWebServiceServerTestExecutionListener@13579834, org.springframework.boot.test.mock.mockito.ResetMocksTestExecutionListener@24be2d9c]
20:58:41.038 [Test worker] DEBUG org.springframework.test.context.support.AbstractDirtiesContextTestExecutionListener - Before test class: context [DefaultTestContext@15bcf458 testClass = RestServiceApplicationTests, testInstance = [null], testMethod = [null], testException = [null], mergedContextConfiguration = [WebMergedContextConfiguration@5af9926a testClass = RestServiceApplicationTests, locations = '{}', classes = '{class com.example.restservice.RestServiceApplication}', contextInitializerClasses = '[]', activeProfiles = '{}', propertySourceLocations = '{}', propertySourceProperties = '{org.springframework.boot.test.context.SpringBootTestContextBootstrapper=true}', contextCustomizers = set[org.springframework.boot.test.autoconfigure.actuate.metrics.MetricsExportContextCustomizerFactory$DisableMetricExportContextCustomizer@48a12036, org.springframework.boot.test.autoconfigure.properties.PropertyMappingContextCustomizer@0, org.springframework.boot.test.autoconfigure.web.servlet.WebDriverContextCustomizerFactory$Customizer@3c989952, org.springframework.boot.test.context.filter.ExcludeFilterContextCustomizer@793138bd, org.springframework.boot.test.json.DuplicateJsonObjectContextCustomizerFactory$DuplicateJsonObjectContextCustomizer@57ac5227, org.springframework.boot.test.mock.mockito.MockitoContextCustomizer@0, org.springframework.boot.test.web.client.TestRestTemplateContextCustomizer@11981797, org.springframework.boot.test.context.SpringBootTestArgs@1, org.springframework.boot.test.context.SpringBootTestWebEnvironment@21be3395], resourceBasePath = 'src/main/webapp', contextLoader = 'org.springframework.boot.test.context.SpringBootContextLoader', parent = [null]], attributes = map['org.springframework.test.context.web.ServletTestExecutionListener.activateListener' -> true]], class annotated with @DirtiesContext [false] with mode [null].

  .   ____          _            __ _ _
 /\\ / ___'_ __ _ _(_)_ __  __ _ \ \ \ \
( ( )\___ | '_ | '_| | '_ \/ _` | \ \ \ \
 \\/  ___)| |_)| | | | | || (_| |  ) ) ) )
  '  |____| .__|_| |_|_| |_\__, | / / / /
 =========|_|==============|___/=/_/_/_/
 :: Spring Boot ::                (v2.7.1)

2022-10-06 20:58:41.339  INFO 18376 --- [    Test worker] c.e.r.RestServiceApplicationTests        : Starting RestServiceApplicationTests using Java 18.0.2 on javier-katanagf6611uc with PID 18376 (started by javier in /home/javier/jardineria/curso2223/dat250/dat250Workspace/gs-rest-service/initial)
2022-10-06 20:58:41.341  INFO 18376 --- [    Test worker] c.e.r.RestServiceApplicationTests        : No active profile set, falling back to 1 default profile: "default"
2022-10-06 20:58:42.766  INFO 18376 --- [    Test worker] c.e.r.RestServiceApplicationTests        : Started RestServiceApplicationTests in 1.688 seconds (JVM running for 2.897)
]]></system-out>
  <system-err><![CDATA[]]></system-err>
</testsuite>
